<?xml version="1.0" encoding="utf-8"?><testsuite errors="0" failures="0" name="pytest" skipped="0" tests="6" time="6.250"><testcase classname="container.test_php" file="container/test_php.py" line="2" name="test_php_runs_as_app[docker://0b0ab8fd9b288f1daaaf21374504878a4391ba932d0899a3e53e54bd29aac3c1]" time="0.378"></testcase><testcase classname="container.test_php" file="container/test_php.py" line="11" name="test_php_pcntl_is_enabled[docker://0b0ab8fd9b288f1daaaf21374504878a4391ba932d0899a3e53e54bd29aac3c1]" time="0.393"></testcase><testcase classname="container.test_php" file="container/test_php.py" line="20" name="test_php_ext_uv_is_enabled[docker://0b0ab8fd9b288f1daaaf21374504878a4391ba932d0899a3e53e54bd29aac3c1]" time="0.402"></testcase><testcase classname="container.test_php" file="container/test_php.py" line="29" name="test_php_ext_parallel_is_enabled[docker://0b0ab8fd9b288f1daaaf21374504878a4391ba932d0899a3e53e54bd29aac3c1]" time="0.381"></testcase><testcase classname="container.test_php" file="container/test_php.py" line="45" name="test_php_ext_parallel_is_functional[docker://0b0ab8fd9b288f1daaaf21374504878a4391ba932d0899a3e53e54bd29aac3c1]" time="0.396"></testcase><testcase classname="container.test_php" file="container/test_php.py" line="53" name="test_php_ext_uv_is_functional[docker://0b0ab8fd9b288f1daaaf21374504878a4391ba932d0899a3e53e54bd29aac3c1]" time="4.210"></testcase></testsuite>